<?xml version="1.0" encoding="UTF-8"?>
<testng-results ignored="0" total="1" passed="1" failed="0" skipped="0">
  <reporter-output>
  </reporter-output>
  <suite started-at="2023-02-17T11:33:06 IST" name="Surefire suite" finished-at="2023-02-17T11:33:33 IST" duration-ms="26961">
    <groups>
    </groups>
    <test started-at="2023-02-17T11:33:06 IST" name="Surefire test" finished-at="2023-02-17T11:33:33 IST" duration-ms="26961">
      <class name="com.kotak.testCases.KotakHomePageTest">
        <test-method is-config="true" signature="setUp(java.lang.String)[pri:0, instance:com.kotak.testCases.KotakHomePageTest@7357a011]" started-at="2023-02-17T11:33:06 IST" name="setUp" finished-at="2023-02-17T11:33:11 IST" duration-ms="5657" status="PASS">
          <params>
            <param index="0">
              <value>
                <![CDATA[chrome]]>
              </value>
            </param>
          </params>
          <reporter-output>
          </reporter-output>
        </test-method> <!-- setUp -->
        <test-method signature="TC01_ExplorePoduct()[pri:0, instance:com.kotak.testCases.KotakHomePageTest@7357a011]" started-at="2023-02-17T11:33:12 IST" name="TC01_ExplorePoduct" finished-at="2023-02-17T11:33:33 IST" duration-ms="21197" status="PASS">
          <reporter-output>
          </reporter-output>
        </test-method> <!-- TC01_ExplorePoduct -->
      </class> <!-- com.kotak.testCases.KotakHomePageTest -->
    </test> <!-- Surefire test -->
  </suite> <!-- Surefire suite -->
</testng-results>
